<?xml version="1.0" encoding="UTF-8"?>
<!-- Generated by org.testng.reporters.JUnitReportReporter -->
<testsuite hostname="DEVOPS_14" name="Register.RegisterTest" tests="1" failures="0" timestamp="23 Aug 2018 19:55:29 GMT" time="40.039" errors="0">
  <testcase name="Register" time="40.039" classname="Register.RegisterTest"/>
</testsuite> <!-- Register.RegisterTest -->
