<?xml version="1.0" encoding="UTF-8"?>
<!-- Generated by org.testng.reporters.JUnitReportReporter -->
<testsuite hostname="DEVOPS_14" name="Login.LoginTest" tests="1" failures="0" timestamp="23 Aug 2018 19:21:47 GMT" time="21.505" errors="0">
  <testcase name="Login" time="21.505" classname="Login.LoginTest"/>
</testsuite> <!-- Login.LoginTest -->
